Build started 2019-09-11 12:18:33 PM.
     1>Project "H:\Max-Programming 12\ch2ex10\ch2ex10\ch2ex10.vcxproj" on node 2 (build target(s)).
     1>InitializeBuildStatus:
         Creating "Debug\ch2ex10.unsuccessfulbuild" because "AlwaysCreate" was specified.
       ClCompile:
         C:\Program Files (x86)\Microsoft Visual Studio 10.0\VC\bin\CL.exe /c /ZI /nologo /W3 /WX- /Od /Oy- /D WIN32 /D _DEBUG /D _CONSOLE /D _UNICODE /D UNICODE /Gm /EHsc /RTC1 /MDd /GS /fp:precise /Zc:wchar_t /Zc:forScope /Fo"Debug\\" /Fd"Debug\vc100.pdb" /Gd /TP /analyze- /errorReport:prompt ch2ex10.cpp
         ch2ex10.cpp
       ManifestResourceCompile:
         All outputs are up-to-date.
       Link:
         C:\Program Files (x86)\Microsoft Visual Studio 10.0\VC\bin\link.exe /ERRORREPORT:PROMPT /OUT:"H:\Max-Programming 12\ch2ex10\Debug\ch2ex10.exe" /INCREMENTAL /NOLOGO kernel32.lib user32.lib gdi32.lib winspool.lib comdlg32.lib advapi32.lib shell32.lib ole32.lib oleaut32.lib uuid.lib odbc32.lib odbccp32.lib /MANIFEST /ManifestFile:"Debug\ch2ex10.exe.intermediate.manifest" /MANIFESTUAC:"level='asInvoker' uiAccess='false'" /DEBUG /PDB:"H:\Max-Programming 12\ch2ex10\Debug\ch2ex10.pdb" /SUBSYSTEM:CONSOLE /TLBID:1 /DYNAMICBASE /NXCOMPAT /IMPLIB:"H:\Max-Programming 12\ch2ex10\Debug\ch2ex10.lib" /MACHINE:X86 Debug\ch2ex10.exe.embed.manifest.res
         Debug\ch2ex10.obj
       Manifest:
         C:\Program Files (x86)\Microsoft SDKs\Windows\v7.0A\bin\mt.exe /nologo /verbose /out:"Debug\ch2ex10.exe.embed.manifest" /manifest Debug\ch2ex10.exe.intermediate.manifest
         All outputs are up-to-date.
       LinkEmbedManifest:
         All outputs are up-to-date.
         ch2ex10.vcxproj -> H:\Max-Programming 12\ch2ex10\Debug\ch2ex10.exe
       FinalizeBuildStatus:
         Deleting file "Debug\ch2ex10.unsuccessfulbuild".
         Touching "Debug\ch2ex10.lastbuildstate".
     1>Done Building Project "H:\Max-Programming 12\ch2ex10\ch2ex10\ch2ex10.vcxproj" (build target(s)).

Build succeeded.

Time Elapsed 00:00:02.63
