Build started 2019-12-10 1:33:39 PM.
     1>Project "H:\eps11cpp\Max-Programming 12\Yathzee_beta\Yathzee_beta\Yathzee_beta\Yathzee_beta.vcxproj" on node 2 (build target(s)).
     1>InitializeBuildStatus:
         Creating "Debug\Yathzee_beta.unsuccessfulbuild" because "AlwaysCreate" was specified.
       ClCompile:
         C:\Program Files (x86)\Microsoft Visual Studio 10.0\VC\bin\CL.exe /c /ZI /nologo /W3 /WX- /Od /Oy- /D WIN32 /D _DEBUG /D _CONSOLE /D _UNICODE /D UNICODE /Gm /EHsc /RTC1 /MDd /GS /fp:precise /Zc:wchar_t /Zc:forScope /Fo"Debug\\" /Fd"Debug\vc100.pdb" /Gd /TP /analyze- /errorReport:prompt Yathzee_beta.cpp
         Yathzee_beta.cpp
       ManifestResourceCompile:
         C:\Program Files (x86)\Microsoft SDKs\Windows\v7.0A\bin\rc.exe /nologo /fo"Debug\Yathzee_beta.exe.embed.manifest.res" Debug\Yathzee_beta_manifest.rc 
       Link:
         C:\Program Files (x86)\Microsoft Visual Studio 10.0\VC\bin\link.exe /ERRORREPORT:PROMPT /OUT:"H:\eps11cpp\Max-Programming 12\Yathzee_beta\Yathzee_beta\Debug\Yathzee_beta.exe" /INCREMENTAL /NOLOGO kernel32.lib user32.lib gdi32.lib winspool.lib comdlg32.lib advapi32.lib shell32.lib ole32.lib oleaut32.lib uuid.lib odbc32.lib odbccp32.lib /MANIFEST /ManifestFile:"Debug\Yathzee_beta.exe.intermediate.manifest" /MANIFESTUAC:"level='asInvoker' uiAccess='false'" /DEBUG /PDB:"H:\eps11cpp\Max-Programming 12\Yathzee_beta\Yathzee_beta\Debug\Yathzee_beta.pdb" /SUBSYSTEM:CONSOLE /TLBID:1 /DYNAMICBASE /NXCOMPAT /IMPLIB:"H:\eps11cpp\Max-Programming 12\Yathzee_beta\Yathzee_beta\Debug\Yathzee_beta.lib" /MACHINE:X86 Debug\Yathzee_beta.exe.embed.manifest.res
         Debug\Yathzee_beta.obj
       Manifest:
         C:\Program Files (x86)\Microsoft SDKs\Windows\v7.0A\bin\mt.exe /nologo /verbose /out:"Debug\Yathzee_beta.exe.embed.manifest" /manifest Debug\Yathzee_beta.exe.intermediate.manifest
         C:\Program Files (x86)\Microsoft SDKs\Windows\v7.0A\bin\rc.exe /nologo /fo"Debug\Yathzee_beta.exe.embed.manifest.res" Debug\Yathzee_beta_manifest.rc 
       LinkEmbedManifest:
         C:\Program Files (x86)\Microsoft Visual Studio 10.0\VC\bin\link.exe /ERRORREPORT:PROMPT /OUT:"H:\eps11cpp\Max-Programming 12\Yathzee_beta\Yathzee_beta\Debug\Yathzee_beta.exe" /INCREMENTAL /NOLOGO kernel32.lib user32.lib gdi32.lib winspool.lib comdlg32.lib advapi32.lib shell32.lib ole32.lib oleaut32.lib uuid.lib odbc32.lib odbccp32.lib /MANIFEST /ManifestFile:"Debug\Yathzee_beta.exe.intermediate.manifest" /MANIFESTUAC:"level='asInvoker' uiAccess='false'" /DEBUG /PDB:"H:\eps11cpp\Max-Programming 12\Yathzee_beta\Yathzee_beta\Debug\Yathzee_beta.pdb" /SUBSYSTEM:CONSOLE /TLBID:1 /DYNAMICBASE /NXCOMPAT /IMPLIB:"H:\eps11cpp\Max-Programming 12\Yathzee_beta\Yathzee_beta\Debug\Yathzee_beta.lib" /MACHINE:X86 Debug\Yathzee_beta.exe.embed.manifest.res
         Debug\Yathzee_beta.obj
         Yathzee_beta.vcxproj -> H:\eps11cpp\Max-Programming 12\Yathzee_beta\Yathzee_beta\Debug\Yathzee_beta.exe
       FinalizeBuildStatus:
         Deleting file "Debug\Yathzee_beta.unsuccessfulbuild".
         Touching "Debug\Yathzee_beta.lastbuildstate".
     1>Done Building Project "H:\eps11cpp\Max-Programming 12\Yathzee_beta\Yathzee_beta\Yathzee_beta\Yathzee_beta.vcxproj" (build target(s)).

Build succeeded.

Time Elapsed 00:00:03.70
