Build started 2019-11-01 1:59:46 PM.
     1>Project "H:\Max-Programming 12\ch4ex26\ch4ex26\ch4ex26.vcxproj" on node 2 (build target(s)).
     1>InitializeBuildStatus:
         Creating "Debug\ch4ex26.unsuccessfulbuild" because "AlwaysCreate" was specified.
       ClCompile:
         C:\Program Files (x86)\Microsoft Visual Studio 10.0\VC\bin\CL.exe /c /ZI /nologo /W3 /WX- /Od /Oy- /D WIN32 /D _DEBUG /D _CONSOLE /D _UNICODE /D UNICODE /Gm /EHsc /RTC1 /MDd /GS /fp:precise /Zc:wchar_t /Zc:forScope /Fo"Debug\\" /Fd"Debug\vc100.pdb" /Gd /TP /analyze- /errorReport:prompt ch4ex26.cpp
         ch4ex26.cpp
       ManifestResourceCompile:
         C:\Program Files (x86)\Microsoft SDKs\Windows\v7.0A\bin\rc.exe /nologo /fo"Debug\ch4ex26.exe.embed.manifest.res" Debug\ch4ex26_manifest.rc 
       Link:
         C:\Program Files (x86)\Microsoft Visual Studio 10.0\VC\bin\link.exe /ERRORREPORT:PROMPT /OUT:"H:\Max-Programming 12\ch4ex26\Debug\ch4ex26.exe" /INCREMENTAL /NOLOGO kernel32.lib user32.lib gdi32.lib winspool.lib comdlg32.lib advapi32.lib shell32.lib ole32.lib oleaut32.lib uuid.lib odbc32.lib odbccp32.lib /MANIFEST /ManifestFile:"Debug\ch4ex26.exe.intermediate.manifest" /MANIFESTUAC:"level='asInvoker' uiAccess='false'" /DEBUG /PDB:"H:\Max-Programming 12\ch4ex26\Debug\ch4ex26.pdb" /SUBSYSTEM:CONSOLE /TLBID:1 /DYNAMICBASE /NXCOMPAT /IMPLIB:"H:\Max-Programming 12\ch4ex26\Debug\ch4ex26.lib" /MACHINE:X86 Debug\ch4ex26.exe.embed.manifest.res
         Debug\ch4ex26.obj
       Manifest:
         C:\Program Files (x86)\Microsoft SDKs\Windows\v7.0A\bin\mt.exe /nologo /verbose /out:"Debug\ch4ex26.exe.embed.manifest" /manifest Debug\ch4ex26.exe.intermediate.manifest
         C:\Program Files (x86)\Microsoft SDKs\Windows\v7.0A\bin\rc.exe /nologo /fo"Debug\ch4ex26.exe.embed.manifest.res" Debug\ch4ex26_manifest.rc 
       LinkEmbedManifest:
         C:\Program Files (x86)\Microsoft Visual Studio 10.0\VC\bin\link.exe /ERRORREPORT:PROMPT /OUT:"H:\Max-Programming 12\ch4ex26\Debug\ch4ex26.exe" /INCREMENTAL /NOLOGO kernel32.lib user32.lib gdi32.lib winspool.lib comdlg32.lib advapi32.lib shell32.lib ole32.lib oleaut32.lib uuid.lib odbc32.lib odbccp32.lib /MANIFEST /ManifestFile:"Debug\ch4ex26.exe.intermediate.manifest" /MANIFESTUAC:"level='asInvoker' uiAccess='false'" /DEBUG /PDB:"H:\Max-Programming 12\ch4ex26\Debug\ch4ex26.pdb" /SUBSYSTEM:CONSOLE /TLBID:1 /DYNAMICBASE /NXCOMPAT /IMPLIB:"H:\Max-Programming 12\ch4ex26\Debug\ch4ex26.lib" /MACHINE:X86 Debug\ch4ex26.exe.embed.manifest.res
         Debug\ch4ex26.obj
         ch4ex26.vcxproj -> H:\Max-Programming 12\ch4ex26\Debug\ch4ex26.exe
       FinalizeBuildStatus:
         Deleting file "Debug\ch4ex26.unsuccessfulbuild".
         Touching "Debug\ch4ex26.lastbuildstate".
     1>Done Building Project "H:\Max-Programming 12\ch4ex26\ch4ex26\ch4ex26.vcxproj" (build target(s)).

Build succeeded.

Time Elapsed 00:00:04.38
