Build started 2019-12-04 12:24:20 PM.
     1>Project "H:\Max-Programming 12\Max-Programming 12\ch4ex33\ch4ex33\ch4ex33.vcxproj" on node 2 (build target(s)).
     1>InitializeBuildStatus:
         Touching "Debug\ch4ex33.unsuccessfulbuild".
       ClCompile:
         C:\Program Files (x86)\Microsoft Visual Studio 10.0\VC\bin\CL.exe /c /ZI /nologo /W3 /WX- /Od /Oy- /D WIN32 /D _DEBUG /D _CONSOLE /D _UNICODE /D UNICODE /Gm /EHsc /RTC1 /MDd /GS /fp:precise /Zc:wchar_t /Zc:forScope /Fo"Debug\\" /Fd"Debug\vc100.pdb" /Gd /TP /analyze- /errorReport:prompt ch4ex33.cpp
         ch4ex33.cpp
     1>h:\max-programming 12\max-programming 12\ch4ex33\ch4ex33\ch4ex33.cpp(266): warning C4018: '<' : signed/unsigned mismatch
       ManifestResourceCompile:
         C:\Program Files (x86)\Microsoft SDKs\Windows\v7.0A\bin\rc.exe /nologo /fo"Debug\ch4ex33.exe.embed.manifest.res" Debug\ch4ex33_manifest.rc 
       Link:
         C:\Program Files (x86)\Microsoft Visual Studio 10.0\VC\bin\link.exe /ERRORREPORT:PROMPT /OUT:"H:\Max-Programming 12\Max-Programming 12\ch4ex33\Debug\ch4ex33.exe" /INCREMENTAL /NOLOGO kernel32.lib user32.lib gdi32.lib winspool.lib comdlg32.lib advapi32.lib shell32.lib ole32.lib oleaut32.lib uuid.lib odbc32.lib odbccp32.lib /MANIFEST /ManifestFile:"Debug\ch4ex33.exe.intermediate.manifest" /MANIFESTUAC:"level='asInvoker' uiAccess='false'" /DEBUG /PDB:"H:\Max-Programming 12\Max-Programming 12\ch4ex33\Debug\ch4ex33.pdb" /SUBSYSTEM:CONSOLE /TLBID:1 /DYNAMICBASE /NXCOMPAT /IMPLIB:"H:\Max-Programming 12\Max-Programming 12\ch4ex33\Debug\ch4ex33.lib" /MACHINE:X86 Debug\ch4ex33.exe.embed.manifest.res
         Debug\ch4ex33.obj
         LINK : H:\Max-Programming 12\Max-Programming 12\ch4ex33\Debug\ch4ex33.exe not found or not built by the last incremental link; performing full link
       Manifest:
         C:\Program Files (x86)\Microsoft SDKs\Windows\v7.0A\bin\mt.exe /nologo /verbose /out:"Debug\ch4ex33.exe.embed.manifest" /manifest Debug\ch4ex33.exe.intermediate.manifest
         C:\Program Files (x86)\Microsoft SDKs\Windows\v7.0A\bin\rc.exe /nologo /fo"Debug\ch4ex33.exe.embed.manifest.res" Debug\ch4ex33_manifest.rc 
       LinkEmbedManifest:
         C:\Program Files (x86)\Microsoft Visual Studio 10.0\VC\bin\link.exe /ERRORREPORT:PROMPT /OUT:"H:\Max-Programming 12\Max-Programming 12\ch4ex33\Debug\ch4ex33.exe" /INCREMENTAL /NOLOGO kernel32.lib user32.lib gdi32.lib winspool.lib comdlg32.lib advapi32.lib shell32.lib ole32.lib oleaut32.lib uuid.lib odbc32.lib odbccp32.lib /MANIFEST /ManifestFile:"Debug\ch4ex33.exe.intermediate.manifest" /MANIFESTUAC:"level='asInvoker' uiAccess='false'" /DEBUG /PDB:"H:\Max-Programming 12\Max-Programming 12\ch4ex33\Debug\ch4ex33.pdb" /SUBSYSTEM:CONSOLE /TLBID:1 /DYNAMICBASE /NXCOMPAT /IMPLIB:"H:\Max-Programming 12\Max-Programming 12\ch4ex33\Debug\ch4ex33.lib" /MACHINE:X86 Debug\ch4ex33.exe.embed.manifest.res
         Debug\ch4ex33.obj
         ch4ex33.vcxproj -> H:\Max-Programming 12\Max-Programming 12\ch4ex33\Debug\ch4ex33.exe
       FinalizeBuildStatus:
         Deleting file "Debug\ch4ex33.unsuccessfulbuild".
         Touching "Debug\ch4ex33.lastbuildstate".
     1>Done Building Project "H:\Max-Programming 12\Max-Programming 12\ch4ex33\ch4ex33\ch4ex33.vcxproj" (build target(s)).

Build succeeded.

Time Elapsed 00:00:06.53
