Build started 2019-09-17 1:16:10 PM.
     1>Project "\\SD36\ELGI\StudentHome\xinyue.yu\Desktop\Yu, Theodore C++\ch3ex5\ch3ex5\ch3ex5.vcxproj" on node 2 (build target(s)).
     1>InitializeBuildStatus:
         Creating "Debug\ch3ex5.unsuccessfulbuild" because "AlwaysCreate" was specified.
       ClCompile:
         C:\Program Files (x86)\Microsoft Visual Studio 10.0\VC\bin\CL.exe /c /ZI /nologo /W3 /WX- /Od /Oy- /D WIN32 /D _DEBUG /D _CONSOLE /D _UNICODE /D UNICODE /Gm /EHsc /RTC1 /MDd /GS /fp:precise /Zc:wchar_t /Zc:forScope /Fo"Debug\\" /Fd"Debug\vc100.pdb" /Gd /TP /analyze- /errorReport:prompt ch3ex5.cpp
         ch3ex5.cpp
       ManifestResourceCompile:
         C:\Program Files (x86)\Microsoft SDKs\Windows\v7.0A\bin\rc.exe /nologo /fo"Debug\ch3ex5.exe.embed.manifest.res" Debug\ch3ex5_manifest.rc 
       Link:
         C:\Program Files (x86)\Microsoft Visual Studio 10.0\VC\bin\link.exe /ERRORREPORT:PROMPT /OUT:"\\SD36\ELGI\StudentHome\xinyue.yu\Desktop\Yu, Theodore C++\ch3ex5\Debug\ch3ex5.exe" /INCREMENTAL /NOLOGO kernel32.lib user32.lib gdi32.lib winspool.lib comdlg32.lib advapi32.lib shell32.lib ole32.lib oleaut32.lib uuid.lib odbc32.lib odbccp32.lib /MANIFEST /ManifestFile:"Debug\ch3ex5.exe.intermediate.manifest" /MANIFESTUAC:"level='asInvoker' uiAccess='false'" /DEBUG /PDB:"\\SD36\ELGI\StudentHome\xinyue.yu\Desktop\Yu, Theodore C++\ch3ex5\Debug\ch3ex5.pdb" /SUBSYSTEM:CONSOLE /TLBID:1 /DYNAMICBASE /NXCOMPAT /IMPLIB:"\\SD36\ELGI\StudentHome\xinyue.yu\Desktop\Yu, Theodore C++\ch3ex5\Debug\ch3ex5.lib" /MACHINE:X86 Debug\ch3ex5.exe.embed.manifest.res
         Debug\ch3ex5.obj
       Manifest:
         Deleting file "Debug\ch3ex5.exe.embed.manifest".
         C:\Program Files (x86)\Microsoft SDKs\Windows\v7.0A\bin\mt.exe /nologo /verbose /out:"Debug\ch3ex5.exe.embed.manifest" /manifest Debug\ch3ex5.exe.intermediate.manifest
         C:\Program Files (x86)\Microsoft SDKs\Windows\v7.0A\bin\rc.exe /nologo /fo"Debug\ch3ex5.exe.embed.manifest.res" Debug\ch3ex5_manifest.rc 
       LinkEmbedManifest:
         C:\Program Files (x86)\Microsoft Visual Studio 10.0\VC\bin\link.exe /ERRORREPORT:PROMPT /OUT:"\\SD36\ELGI\StudentHome\xinyue.yu\Desktop\Yu, Theodore C++\ch3ex5\Debug\ch3ex5.exe" /INCREMENTAL /NOLOGO kernel32.lib user32.lib gdi32.lib winspool.lib comdlg32.lib advapi32.lib shell32.lib ole32.lib oleaut32.lib uuid.lib odbc32.lib odbccp32.lib /MANIFEST /ManifestFile:"Debug\ch3ex5.exe.intermediate.manifest" /MANIFESTUAC:"level='asInvoker' uiAccess='false'" /DEBUG /PDB:"\\SD36\ELGI\StudentHome\xinyue.yu\Desktop\Yu, Theodore C++\ch3ex5\Debug\ch3ex5.pdb" /SUBSYSTEM:CONSOLE /TLBID:1 /DYNAMICBASE /NXCOMPAT /IMPLIB:"\\SD36\ELGI\StudentHome\xinyue.yu\Desktop\Yu, Theodore C++\ch3ex5\Debug\ch3ex5.lib" /MACHINE:X86 Debug\ch3ex5.exe.embed.manifest.res
         Debug\ch3ex5.obj
         ch3ex5.vcxproj -> \\SD36\ELGI\StudentHome\xinyue.yu\Desktop\Yu, Theodore C++\ch3ex5\Debug\ch3ex5.exe
       FinalizeBuildStatus:
         Deleting file "Debug\ch3ex5.unsuccessfulbuild".
         Touching "Debug\ch3ex5.lastbuildstate".
     1>Done Building Project "\\SD36\ELGI\StudentHome\xinyue.yu\Desktop\Yu, Theodore C++\ch3ex5\ch3ex5\ch3ex5.vcxproj" (build target(s)).

Build succeeded.

Time Elapsed 00:00:03.93
