Build started 2020-01-10 1:47:52 PM.
     1>Project "H:\eps11cpp\Max-Programming 12\Black Jack\ch4ex33\ch4ex33.vcxproj" on node 2 (build target(s)).
     1>InitializeBuildStatus:
         Creating "Debug\Black Jack.unsuccessfulbuild" because "AlwaysCreate" was specified.
       ClCompile:
         C:\Program Files (x86)\Microsoft Visual Studio 10.0\VC\bin\CL.exe /c /ZI /nologo /W3 /WX- /Od /Oy- /D WIN32 /D _DEBUG /D _CONSOLE /D _UNICODE /D UNICODE /Gm /EHsc /RTC1 /MDd /GS /fp:precise /Zc:wchar_t /Zc:forScope /Fo"Debug\\" /Fd"Debug\vc100.pdb" /Gd /TP /analyze- /errorReport:prompt "Black Jack"
         Black Jack
     1>h:\eps11cpp\max-programming 12\black jack\ch4ex33\black jack(266): warning C4018: '<' : signed/unsigned mismatch
       ManifestResourceCompile:
         C:\Program Files (x86)\Microsoft SDKs\Windows\v7.0A\bin\rc.exe /nologo /fo"Debug\Black Jack.exe.embed.manifest.res" "Debug\Black Jack_manifest.rc" 
       Link:
         C:\Program Files (x86)\Microsoft Visual Studio 10.0\VC\bin\link.exe /ERRORREPORT:PROMPT /OUT:"H:\eps11cpp\Max-Programming 12\Black Jack\Debug\Black Jack.exe" /INCREMENTAL /NOLOGO kernel32.lib user32.lib gdi32.lib winspool.lib comdlg32.lib advapi32.lib shell32.lib ole32.lib oleaut32.lib uuid.lib odbc32.lib odbccp32.lib /MANIFEST /ManifestFile:"Debug\Black Jack.exe.intermediate.manifest" /MANIFESTUAC:"level='asInvoker' uiAccess='false'" /DEBUG /PDB:"H:\eps11cpp\Max-Programming 12\Black Jack\Debug\Black Jack.pdb" /SUBSYSTEM:CONSOLE /TLBID:1 /DYNAMICBASE /NXCOMPAT /IMPLIB:"H:\eps11cpp\Max-Programming 12\Black Jack\Debug\Black Jack.lib" /MACHINE:X86 "Debug\Black Jack.exe.embed.manifest.res"
         "Debug\Black Jack.obj"
       Manifest:
         C:\Program Files (x86)\Microsoft SDKs\Windows\v7.0A\bin\mt.exe /nologo /verbose /out:"Debug\Black Jack.exe.embed.manifest" /manifest "Debug\Black Jack.exe.intermediate.manifest"
         C:\Program Files (x86)\Microsoft SDKs\Windows\v7.0A\bin\rc.exe /nologo /fo"Debug\Black Jack.exe.embed.manifest.res" "Debug\Black Jack_manifest.rc" 
       LinkEmbedManifest:
         C:\Program Files (x86)\Microsoft Visual Studio 10.0\VC\bin\link.exe /ERRORREPORT:PROMPT /OUT:"H:\eps11cpp\Max-Programming 12\Black Jack\Debug\Black Jack.exe" /INCREMENTAL /NOLOGO kernel32.lib user32.lib gdi32.lib winspool.lib comdlg32.lib advapi32.lib shell32.lib ole32.lib oleaut32.lib uuid.lib odbc32.lib odbccp32.lib /MANIFEST /ManifestFile:"Debug\Black Jack.exe.intermediate.manifest" /MANIFESTUAC:"level='asInvoker' uiAccess='false'" /DEBUG /PDB:"H:\eps11cpp\Max-Programming 12\Black Jack\Debug\Black Jack.pdb" /SUBSYSTEM:CONSOLE /TLBID:1 /DYNAMICBASE /NXCOMPAT /IMPLIB:"H:\eps11cpp\Max-Programming 12\Black Jack\Debug\Black Jack.lib" /MACHINE:X86 "Debug\Black Jack.exe.embed.manifest.res"
         "Debug\Black Jack.obj"
         ch4ex33.vcxproj -> H:\eps11cpp\Max-Programming 12\Black Jack\Debug\Black Jack.exe
       FinalizeBuildStatus:
         Deleting file "Debug\Black Jack.unsuccessfulbuild".
         Touching "Debug\Black Jack.lastbuildstate".
     1>Done Building Project "H:\eps11cpp\Max-Programming 12\Black Jack\ch4ex33\ch4ex33.vcxproj" (build target(s)).

Build succeeded.

Time Elapsed 00:00:05.91
