Build started 2019-11-06 3:45:15 PM.
     1>Project "H:\Max-Programming 12\ch4ex33\ch4ex33\ch4ex33.vcxproj" on node 2 (build target(s)).
     1>PrepareForBuild:
         Creating directory "H:\Max-Programming 12\ch4ex33\Release\".
       InitializeBuildStatus:
         Creating "Release\ch4ex33.unsuccessfulbuild" because "AlwaysCreate" was specified.
       ClCompile:
         C:\Program Files (x86)\Microsoft Visual Studio 10.0\VC\bin\CL.exe /c /Zi /nologo /W3 /WX- /O2 /Oi /Oy- /GL /D WIN32 /D NDEBUG /D _CONSOLE /D _UNICODE /D UNICODE /Gm- /EHsc /MD /GS /Gy /fp:precise /Zc:wchar_t /Zc:forScope /Fo"Release\\" /Fd"Release\vc100.pdb" /Gd /TP /analyze- /errorReport:prompt ch4ex33.cpp
         ch4ex33.cpp
       Link:
         C:\Program Files (x86)\Microsoft Visual Studio 10.0\VC\bin\link.exe /ERRORREPORT:PROMPT /OUT:"H:\Max-Programming 12\ch4ex33\Release\ch4ex33.exe" /INCREMENTAL:NO /NOLOGO kernel32.lib user32.lib gdi32.lib winspool.lib comdlg32.lib advapi32.lib shell32.lib ole32.lib oleaut32.lib uuid.lib odbc32.lib odbccp32.lib /MANIFEST /ManifestFile:"Release\ch4ex33.exe.intermediate.manifest" /MANIFESTUAC:"level='asInvoker' uiAccess='false'" /DEBUG /PDB:"H:\Max-Programming 12\ch4ex33\Release\ch4ex33.pdb" /SUBSYSTEM:CONSOLE /OPT:REF /OPT:ICF /LTCG /TLBID:1 /DYNAMICBASE /NXCOMPAT /IMPLIB:"H:\Max-Programming 12\ch4ex33\Release\ch4ex33.lib" /MACHINE:X86 Release\ch4ex33.obj
         Generating code
         Finished generating code
         ch4ex33.vcxproj -> H:\Max-Programming 12\ch4ex33\Release\ch4ex33.exe
       Manifest:
         C:\Program Files (x86)\Microsoft SDKs\Windows\v7.0A\bin\mt.exe /nologo /verbose /outputresource:"H:\Max-Programming 12\ch4ex33\Release\ch4ex33.exe;#1" /manifest Release\ch4ex33.exe.intermediate.manifest
       FinalizeBuildStatus:
         Deleting file "Release\ch4ex33.unsuccessfulbuild".
         Touching "Release\ch4ex33.lastbuildstate".
     1>Done Building Project "H:\Max-Programming 12\ch4ex33\ch4ex33\ch4ex33.vcxproj" (build target(s)).

Build succeeded.

Time Elapsed 00:00:02.80
