Build started 2019-11-05 1:23:30 PM.
     1>Project "H:\Max-Programming 12\ch4ex30\ch4ex30\ch4ex30.vcxproj" on node 2 (build target(s)).
     1>InitializeBuildStatus:
         Creating "Debug\ch4ex30.unsuccessfulbuild" because "AlwaysCreate" was specified.
       ClCompile:
         C:\Program Files (x86)\Microsoft Visual Studio 10.0\VC\bin\CL.exe /c /ZI /nologo /W3 /WX- /Od /Oy- /D WIN32 /D _DEBUG /D _CONSOLE /D _UNICODE /D UNICODE /Gm /EHsc /RTC1 /MDd /GS /fp:precise /Zc:wchar_t /Zc:forScope /Fo"Debug\\" /Fd"Debug\vc100.pdb" /Gd /TP /analyze- /errorReport:prompt ch4ex30.cpp
         ch4ex30.cpp
     1>h:\max-programming 12\ch4ex30\ch4ex30\ch4ex30.cpp(42): warning C4244: 'argument' : conversion from 'time_t' to 'unsigned int', possible loss of data
       ManifestResourceCompile:
         All outputs are up-to-date.
       Link:
         C:\Program Files (x86)\Microsoft Visual Studio 10.0\VC\bin\link.exe /ERRORREPORT:PROMPT /OUT:"H:\Max-Programming 12\ch4ex30\Debug\ch4ex30.exe" /INCREMENTAL /NOLOGO kernel32.lib user32.lib gdi32.lib winspool.lib comdlg32.lib advapi32.lib shell32.lib ole32.lib oleaut32.lib uuid.lib odbc32.lib odbccp32.lib /MANIFEST /ManifestFile:"Debug\ch4ex30.exe.intermediate.manifest" /MANIFESTUAC:"level='asInvoker' uiAccess='false'" /DEBUG /PDB:"H:\Max-Programming 12\ch4ex30\Debug\ch4ex30.pdb" /SUBSYSTEM:CONSOLE /TLBID:1 /DYNAMICBASE /NXCOMPAT /IMPLIB:"H:\Max-Programming 12\ch4ex30\Debug\ch4ex30.lib" /MACHINE:X86 Debug\ch4ex30.exe.embed.manifest.res
         Debug\ch4ex30.obj
       Manifest:
         C:\Program Files (x86)\Microsoft SDKs\Windows\v7.0A\bin\mt.exe /nologo /verbose /out:"Debug\ch4ex30.exe.embed.manifest" /manifest Debug\ch4ex30.exe.intermediate.manifest
         All outputs are up-to-date.
       LinkEmbedManifest:
         C:\Program Files (x86)\Microsoft Visual Studio 10.0\VC\bin\link.exe /ERRORREPORT:PROMPT /OUT:"H:\Max-Programming 12\ch4ex30\Debug\ch4ex30.exe" /INCREMENTAL /NOLOGO kernel32.lib user32.lib gdi32.lib winspool.lib comdlg32.lib advapi32.lib shell32.lib ole32.lib oleaut32.lib uuid.lib odbc32.lib odbccp32.lib /MANIFEST /ManifestFile:"Debug\ch4ex30.exe.intermediate.manifest" /MANIFESTUAC:"level='asInvoker' uiAccess='false'" /DEBUG /PDB:"H:\Max-Programming 12\ch4ex30\Debug\ch4ex30.pdb" /SUBSYSTEM:CONSOLE /TLBID:1 /DYNAMICBASE /NXCOMPAT /IMPLIB:"H:\Max-Programming 12\ch4ex30\Debug\ch4ex30.lib" /MACHINE:X86 Debug\ch4ex30.exe.embed.manifest.res
         Debug\ch4ex30.obj
         ch4ex30.vcxproj -> H:\Max-Programming 12\ch4ex30\Debug\ch4ex30.exe
       FinalizeBuildStatus:
         Deleting file "Debug\ch4ex30.unsuccessfulbuild".
         Touching "Debug\ch4ex30.lastbuildstate".
     1>Done Building Project "H:\Max-Programming 12\ch4ex30\ch4ex30\ch4ex30.vcxproj" (build target(s)).

Build succeeded.

Time Elapsed 00:00:02.76
