Build started 2019-10-17 11:04:52 AM.
     1>Project "H:\Max-Programming 12\ch4ex12\ch4ex12\ch4ex12.vcxproj" on node 2 (build target(s)).
     1>InitializeBuildStatus:
         Creating "Debug\ch4ex12.unsuccessfulbuild" because "AlwaysCreate" was specified.
       ClCompile:
         All outputs are up-to-date.
       ManifestResourceCompile:
         C:\Program Files (x86)\Microsoft SDKs\Windows\v7.0A\bin\rc.exe /nologo /fo"Debug\ch4ex12.exe.embed.manifest.res" Debug\ch4ex12_manifest.rc 
       Link:
         C:\Program Files (x86)\Microsoft Visual Studio 10.0\VC\bin\link.exe /ERRORREPORT:PROMPT /OUT:"H:\Max-Programming 12\ch4ex12\Debug\ch4ex12.exe" /INCREMENTAL /NOLOGO kernel32.lib user32.lib gdi32.lib winspool.lib comdlg32.lib advapi32.lib shell32.lib ole32.lib oleaut32.lib uuid.lib odbc32.lib odbccp32.lib /MANIFEST /ManifestFile:"Debug\ch4ex12.exe.intermediate.manifest" /MANIFESTUAC:"level='asInvoker' uiAccess='false'" /DEBUG /PDB:"H:\Max-Programming 12\ch4ex12\Debug\ch4ex12.pdb" /SUBSYSTEM:CONSOLE /TLBID:1 /DYNAMICBASE /NXCOMPAT /IMPLIB:"H:\Max-Programming 12\ch4ex12\Debug\ch4ex12.lib" /MACHINE:X86 Debug\ch4ex12.exe.embed.manifest.res
         Debug\ch4ex12.obj
       Manifest:
         C:\Program Files (x86)\Microsoft SDKs\Windows\v7.0A\bin\mt.exe /nologo /verbose /out:"Debug\ch4ex12.exe.embed.manifest" /manifest Debug\ch4ex12.exe.intermediate.manifest
         C:\Program Files (x86)\Microsoft SDKs\Windows\v7.0A\bin\rc.exe /nologo /fo"Debug\ch4ex12.exe.embed.manifest.res" Debug\ch4ex12_manifest.rc 
       LinkEmbedManifest:
         C:\Program Files (x86)\Microsoft Visual Studio 10.0\VC\bin\link.exe /ERRORREPORT:PROMPT /OUT:"H:\Max-Programming 12\ch4ex12\Debug\ch4ex12.exe" /INCREMENTAL /NOLOGO kernel32.lib user32.lib gdi32.lib winspool.lib comdlg32.lib advapi32.lib shell32.lib ole32.lib oleaut32.lib uuid.lib odbc32.lib odbccp32.lib /MANIFEST /ManifestFile:"Debug\ch4ex12.exe.intermediate.manifest" /MANIFESTUAC:"level='asInvoker' uiAccess='false'" /DEBUG /PDB:"H:\Max-Programming 12\ch4ex12\Debug\ch4ex12.pdb" /SUBSYSTEM:CONSOLE /TLBID:1 /DYNAMICBASE /NXCOMPAT /IMPLIB:"H:\Max-Programming 12\ch4ex12\Debug\ch4ex12.lib" /MACHINE:X86 Debug\ch4ex12.exe.embed.manifest.res
         Debug\ch4ex12.obj
         ch4ex12.vcxproj -> H:\Max-Programming 12\ch4ex12\Debug\ch4ex12.exe
       FinalizeBuildStatus:
         Deleting file "Debug\ch4ex12.unsuccessfulbuild".
         Touching "Debug\ch4ex12.lastbuildstate".
     1>Done Building Project "H:\Max-Programming 12\ch4ex12\ch4ex12\ch4ex12.vcxproj" (build target(s)).

Build succeeded.

Time Elapsed 00:00:02.39
