Build started 2019-09-27 2:36:53 PM.
     1>Project "H:\Max-Programming 12\ch3note\ch3note\ch3note.vcxproj" on node 2 (build target(s)).
     1>InitializeBuildStatus:
         Creating "Debug\ch3note.unsuccessfulbuild" because "AlwaysCreate" was specified.
       ClCompile:
         All outputs are up-to-date.
       ManifestResourceCompile:
         C:\Program Files (x86)\Microsoft SDKs\Windows\v7.0A\bin\rc.exe /nologo /fo"Debug\ch3note.exe.embed.manifest.res" Debug\ch3note_manifest.rc 
       Link:
         C:\Program Files (x86)\Microsoft Visual Studio 10.0\VC\bin\link.exe /ERRORREPORT:PROMPT /OUT:"H:\Max-Programming 12\ch3note\Debug\ch3note.exe" /INCREMENTAL /NOLOGO kernel32.lib user32.lib gdi32.lib winspool.lib comdlg32.lib advapi32.lib shell32.lib ole32.lib oleaut32.lib uuid.lib odbc32.lib odbccp32.lib /MANIFEST /ManifestFile:"Debug\ch3note.exe.intermediate.manifest" /MANIFESTUAC:"level='asInvoker' uiAccess='false'" /DEBUG /PDB:"H:\Max-Programming 12\ch3note\Debug\ch3note.pdb" /SUBSYSTEM:CONSOLE /TLBID:1 /DYNAMICBASE /NXCOMPAT /IMPLIB:"H:\Max-Programming 12\ch3note\Debug\ch3note.lib" /MACHINE:X86 Debug\ch3note.exe.embed.manifest.res
         Debug\ch3note.obj
       Manifest:
         C:\Program Files (x86)\Microsoft SDKs\Windows\v7.0A\bin\mt.exe /nologo /verbose /out:"Debug\ch3note.exe.embed.manifest" /manifest Debug\ch3note.exe.intermediate.manifest
         C:\Program Files (x86)\Microsoft SDKs\Windows\v7.0A\bin\rc.exe /nologo /fo"Debug\ch3note.exe.embed.manifest.res" Debug\ch3note_manifest.rc 
       LinkEmbedManifest:
         C:\Program Files (x86)\Microsoft Visual Studio 10.0\VC\bin\link.exe /ERRORREPORT:PROMPT /OUT:"H:\Max-Programming 12\ch3note\Debug\ch3note.exe" /INCREMENTAL /NOLOGO kernel32.lib user32.lib gdi32.lib winspool.lib comdlg32.lib advapi32.lib shell32.lib ole32.lib oleaut32.lib uuid.lib odbc32.lib odbccp32.lib /MANIFEST /ManifestFile:"Debug\ch3note.exe.intermediate.manifest" /MANIFESTUAC:"level='asInvoker' uiAccess='false'" /DEBUG /PDB:"H:\Max-Programming 12\ch3note\Debug\ch3note.pdb" /SUBSYSTEM:CONSOLE /TLBID:1 /DYNAMICBASE /NXCOMPAT /IMPLIB:"H:\Max-Programming 12\ch3note\Debug\ch3note.lib" /MACHINE:X86 Debug\ch3note.exe.embed.manifest.res
         Debug\ch3note.obj
         ch3note.vcxproj -> H:\Max-Programming 12\ch3note\Debug\ch3note.exe
       FinalizeBuildStatus:
         Deleting file "Debug\ch3note.unsuccessfulbuild".
         Touching "Debug\ch3note.lastbuildstate".
     1>Done Building Project "H:\Max-Programming 12\ch3note\ch3note\ch3note.vcxproj" (build target(s)).

Build succeeded.

Time Elapsed 00:00:02.76
